<?xml version="1.0" encoding="UTF-8"?>
<coverage generated="1751346208003" clover="3.2.0">
  <project timestamp="1751346208003" name="All files">
    <metrics statements="29" coveredstatements="29" conditionals="14" coveredconditionals="12" methods="4" coveredmethods="4" elements="47" coveredelements="45" complexity="0" loc="29" ncloc="29" packages="1" files="1" classes="1"/>
    <file name="StringCalculator.js" path="/Users/rajesh/Documents/tdd/tdd-calculator/src/StringCalculator.js">
      <metrics statements="29" coveredstatements="29" conditionals="14" coveredconditionals="12" methods="4" coveredmethods="4"/>
      <line num="16" count="35" type="cond" truecount="2" falsecount="0"/>
      <line num="17" count="1" type="stmt"/>
      <line num="20" count="34" type="stmt"/>
      <line num="21" count="34" type="stmt"/>
      <line num="22" count="34" type="stmt"/>
      <line num="25" count="34" type="stmt"/>
      <line num="27" count="29" type="stmt"/>
      <line num="37" count="34" type="stmt"/>
      <line num="38" count="34" type="stmt"/>
      <line num="41" count="34" type="cond" truecount="2" falsecount="0"/>
      <line num="42" count="7" type="stmt"/>
      <line num="43" count="7" type="cond" truecount="1" falsecount="1"/>
      <line num="44" count="7" type="stmt"/>
      <line num="45" count="7" type="stmt"/>
      <line num="49" count="34" type="stmt"/>
      <line num="59" count="34" type="stmt"/>
      <line num="61" count="34" type="stmt"/>
      <line num="62" count="102" type="stmt"/>
      <line num="63" count="102" type="cond" truecount="4" falsecount="0"/>
      <line num="64" count="10" type="stmt"/>
      <line num="68" count="34" type="cond" truecount="2" falsecount="0"/>
      <line num="69" count="5" type="stmt"/>
      <line num="80" count="29" type="stmt"/>
      <line num="82" count="29" type="stmt"/>
      <line num="83" count="86" type="stmt"/>
      <line num="84" count="86" type="cond" truecount="1" falsecount="1"/>
      <line num="85" count="86" type="stmt"/>
      <line num="89" count="29" type="stmt"/>
      <line num="93" count="1" type="stmt"/>
    </file>
  </project>
</coverage>
