{"/Users/rajesh/Documents/tdd/tdd-calculator/src/StringCalculator.js": {"path":"/Users/rajesh/Documents/tdd/tdd-calculator/src/StringCalculator.js","statementMap":{"0":{"start":{"line":16,"column":8},"end":{"line":18,"column":9}},"1":{"start":{"line":17,"column":12},"end":{"line":17,"column":21}},"2":{"start":{"line":20,"column":48},"end":{"line":20,"column":87}},"3":{"start":{"line":21,"column":34},"end":{"line":21,"column":76}},"4":{"start":{"line":22,"column":22},"end":{"line":22,"column":56}},"5":{"start":{"line":25,"column":8},"end":{"line":25,"column":47}},"6":{"start":{"line":27,"column":8},"end":{"line":27,"column":39}},"7":{"start":{"line":37,"column":24},"end":{"line":37,"column":27}},"8":{"start":{"line":38,"column":31},"end":{"line":38,"column":38}},"9":{"start":{"line":41,"column":8},"end":{"line":47,"column":9}},"10":{"start":{"line":42,"column":38},"end":{"line":42,"column":59}},"11":{"start":{"line":43,"column":12},"end":{"line":46,"column":13}},"12":{"start":{"line":44,"column":16},"end":{"line":44,"column":68}},"13":{"start":{"line":45,"column":16},"end":{"line":45,"column":76}},"14":{"start":{"line":49,"column":8},"end":{"line":49,"column":47}},"15":{"start":{"line":59,"column":32},"end":{"line":59,"column":34}},"16":{"start":{"line":61,"column":8},"end":{"line":66,"column":9}},"17":{"start":{"line":62,"column":24},"end":{"line":62,"column":45}},"18":{"start":{"line":63,"column":12},"end":{"line":65,"column":13}},"19":{"start":{"line":64,"column":16},"end":{"line":64,"column":42}},"20":{"start":{"line":68,"column":8},"end":{"line":70,"column":9}},"21":{"start":{"line":69,"column":12},"end":{"line":69,"column":89}},"22":{"start":{"line":80,"column":18},"end":{"line":80,"column":19}},"23":{"start":{"line":82,"column":8},"end":{"line":87,"column":9}},"24":{"start":{"line":83,"column":24},"end":{"line":83,"column":45}},"25":{"start":{"line":84,"column":12},"end":{"line":86,"column":13}},"26":{"start":{"line":85,"column":16},"end":{"line":85,"column":27}},"27":{"start":{"line":89,"column":8},"end":{"line":89,"column":19}},"28":{"start":{"line":93,"column":0},"end":{"line":93,"column":34}}},"fnMap":{"0":{"name":"(anonymous_0)","decl":{"start":{"line":14,"column":4},"end":{"line":14,"column":5}},"loc":{"start":{"line":14,"column":17},"end":{"line":28,"column":5}},"line":14},"1":{"name":"(anonymous_1)","decl":{"start":{"line":36,"column":4},"end":{"line":36,"column":5}},"loc":{"start":{"line":36,"column":39},"end":{"line":50,"column":5}},"line":36},"2":{"name":"(anonymous_2)","decl":{"start":{"line":58,"column":4},"end":{"line":58,"column":5}},"loc":{"start":{"line":58,"column":38},"end":{"line":71,"column":5}},"line":58},"3":{"name":"(anonymous_3)","decl":{"start":{"line":79,"column":4},"end":{"line":79,"column":5}},"loc":{"start":{"line":79,"column":23},"end":{"line":90,"column":5}},"line":79}},"branchMap":{"0":{"loc":{"start":{"line":16,"column":8},"end":{"line":18,"column":9}},"type":"if","locations":[{"start":{"line":16,"column":8},"end":{"line":18,"column":9}},{"start":{},"end":{}}],"line":16},"1":{"loc":{"start":{"line":41,"column":8},"end":{"line":47,"column":9}},"type":"if","locations":[{"start":{"line":41,"column":8},"end":{"line":47,"column":9}},{"start":{},"end":{}}],"line":41},"2":{"loc":{"start":{"line":43,"column":12},"end":{"line":46,"column":13}},"type":"if","locations":[{"start":{"line":43,"column":12},"end":{"line":46,"column":13}},{"start":{},"end":{}}],"line":43},"3":{"loc":{"start":{"line":63,"column":12},"end":{"line":65,"column":13}},"type":"if","locations":[{"start":{"line":63,"column":12},"end":{"line":65,"column":13}},{"start":{},"end":{}}],"line":63},"4":{"loc":{"start":{"line":63,"column":16},"end":{"line":63,"column":38}},"type":"binary-expr","locations":[{"start":{"line":63,"column":16},"end":{"line":63,"column":27}},{"start":{"line":63,"column":31},"end":{"line":63,"column":38}}],"line":63},"5":{"loc":{"start":{"line":68,"column":8},"end":{"line":70,"column":9}},"type":"if","locations":[{"start":{"line":68,"column":8},"end":{"line":70,"column":9}},{"start":{},"end":{}}],"line":68},"6":{"loc":{"start":{"line":84,"column":12},"end":{"line":86,"column":13}},"type":"if","locations":[{"start":{"line":84,"column":12},"end":{"line":86,"column":13}},{"start":{},"end":{}}],"line":84}},"s":{"0":35,"1":1,"2":34,"3":34,"4":34,"5":34,"6":29,"7":34,"8":34,"9":34,"10":7,"11":7,"12":7,"13":7,"14":34,"15":34,"16":34,"17":102,"18":102,"19":10,"20":34,"21":5,"22":29,"23":29,"24":86,"25":86,"26":86,"27":29,"28":1},"f":{"0":35,"1":34,"2":34,"3":29},"b":{"0":[1,34],"1":[7,27],"2":[7,0],"3":[10,92],"4":[102,102],"5":[5,29],"6":[86,0]},"_coverageSchema":"1a1c01bbd47fc00a2c39e90264f33305004495a9","hash":"3e9e3aaa16af11e9dcb6e0ec46b34256dc60095e"}
}
