TN:
SF:src/StringCalculator.js
FN:14,(anonymous_0)
FN:36,(anonymous_1)
FN:58,(anonymous_2)
FN:79,(anonymous_3)
FNF:4
FNH:4
FNDA:35,(anonymous_0)
FNDA:34,(anonymous_1)
FNDA:34,(anonymous_2)
FNDA:29,(anonymous_3)
DA:16,35
DA:17,1
DA:20,34
DA:21,34
DA:22,34
DA:25,34
DA:27,29
DA:37,34
DA:38,34
DA:41,34
DA:42,7
DA:43,7
DA:44,7
DA:45,7
DA:49,34
DA:59,34
DA:61,34
DA:62,102
DA:63,102
DA:64,10
DA:68,34
DA:69,5
DA:80,29
DA:82,29
DA:83,86
DA:84,86
DA:85,86
DA:89,29
DA:93,1
LF:29
LH:29
BRDA:16,0,0,1
BRDA:16,0,1,34
BRDA:41,1,0,7
BRDA:41,1,1,27
BRDA:43,2,0,7
BRDA:43,2,1,0
BRDA:63,3,0,10
BRDA:63,3,1,92
BRDA:63,4,0,102
BRDA:63,4,1,102
BRDA:68,5,0,5
BRDA:68,5,1,29
BRDA:84,6,0,86
BRDA:84,6,1,0
BRF:14
BRH:12
end_of_record
